2025-01-21 20:03:47,164 [Worker-5: Loading available Gradle versions] INFO  o.e.b.c.i.u.g.PublishedGradleVersions - Gradle version information cache is not available. Remote download required.
2025-01-21 20:04:40,441 [Worker-7: Loading available Gradle versions] INFO  o.e.b.c.i.u.g.PublishedGradleVersions - Gradle version information cache is up-to-date. Trying to read.
2025-01-21 20:05:29,067 [Worker-19: Updating Maven Dependencies] INFO  o.e.m.c.i.l.LifecycleMappingFactory - Using org.eclipse.m2e.jdt.JarLifecycleMapping lifecycle mapping for MavenProject: com.spring.jdbc:spring_jdbc:0.0.1-SNAPSHOT @ F:\Spring_Tutorial\spring_jdbc\pom.xml.
2025-01-21 20:05:32,331 [Worker-15: Building] INFO  o.a.m.s.f.DefaultMavenResourcesFiltering - skip non existing resourceDirectory F:\Spring_Tutorial\spring_jdbc\src\main\resources
2025-01-21 20:05:32,337 [Worker-15: Building] INFO  o.a.m.s.f.DefaultMavenResourcesFiltering - skip non existing resourceDirectory F:\Spring_Tutorial\spring_jdbc\src\test\resources
2025-01-21 20:06:09,064 [Worker-18: Launching App] INFO  o.a.m.s.f.DefaultMavenResourcesFiltering - skip non existing resourceDirectory F:\Spring_Tutorial\spring_jdbc\src\main\resources
2025-01-21 20:06:09,068 [Worker-18: Launching App] INFO  o.a.m.s.f.DefaultMavenResourcesFiltering - skip non existing resourceDirectory F:\Spring_Tutorial\spring_jdbc\src\test\resources
2025-01-25 21:43:29,833 [Worker-0: Loading available Gradle versions] INFO  o.e.b.c.i.u.g.PublishedGradleVersions - Gradle version information cache is out-of-date. Trying to update.
2025-01-25 21:44:10,421 [Worker-4: Loading available Gradle versions] INFO  o.e.b.c.i.u.g.PublishedGradleVersions - Gradle version information cache is up-to-date. Trying to read.
2025-01-25 21:44:49,722 [Worker-5: Loading available Gradle versions] INFO  o.e.b.c.i.u.g.PublishedGradleVersions - Gradle version information cache is up-to-date. Trying to read.
2025-02-02 11:43:41,837 [Worker-3: Loading available Gradle versions] INFO  o.e.b.c.i.u.g.PublishedGradleVersions - Gradle version information cache is out-of-date. Trying to update.
2025-02-02 11:44:02,751 [Worker-4: Loading available Gradle versions] INFO  o.e.b.c.i.u.g.PublishedGradleVersions - Gradle version information cache is up-to-date. Trying to read.
2025-02-02 11:44:43,350 [Worker-6: Loading available Gradle versions] INFO  o.e.b.c.i.u.g.PublishedGradleVersions - Gradle version information cache is up-to-date. Trying to read.
2025-02-02 11:47:31,454 [Worker-22: Launching mavenrun-bc057cfa-795a-4703-811d-4f3f592de190] INFO  o.eclipse.m2e.core.internal.Bundles - getClasspathEntries(Bundle=org.eclipse.m2e.maven.runtime_3.9.900.20240824-1409 [638])
2025-02-02 11:47:31,457 [Worker-22: Launching mavenrun-bc057cfa-795a-4703-811d-4f3f592de190] INFO  o.eclipse.m2e.core.internal.Bundles - 	Entry: C:\Users\PRANAV\.p2\pool\plugins\org.eclipse.m2e.maven.runtime_3.9.900.20240824-1409
2025-02-02 11:47:31,458 [Worker-22: Launching mavenrun-bc057cfa-795a-4703-811d-4f3f592de190] INFO  o.eclipse.m2e.core.internal.Bundles - 	Entry: C:\Users\PRANAV\.p2\pool\plugins\org.eclipse.m2e.maven.runtime_3.9.900.20240824-1409\jars\aopalliance-1.0.jar
2025-02-02 11:47:31,458 [Worker-22: Launching mavenrun-bc057cfa-795a-4703-811d-4f3f592de190] INFO  o.eclipse.m2e.core.internal.Bundles - 	Entry: C:\Users\PRANAV\.p2\pool\plugins\org.eclipse.m2e.maven.runtime_3.9.900.20240824-1409\jars\guice-5.1.0.jar
2025-02-02 11:47:31,459 [Worker-22: Launching mavenrun-bc057cfa-795a-4703-811d-4f3f592de190] INFO  o.eclipse.m2e.core.internal.Bundles - 	Entry: C:\Users\PRANAV\.p2\pool\plugins\org.eclipse.m2e.maven.runtime_3.9.900.20240824-1409\jars\httpclient-4.5.14.jar
2025-02-02 11:47:31,459 [Worker-22: Launching mavenrun-bc057cfa-795a-4703-811d-4f3f592de190] INFO  o.eclipse.m2e.core.internal.Bundles - 	Entry: C:\Users\PRANAV\.p2\pool\plugins\org.eclipse.m2e.maven.runtime_3.9.900.20240824-1409\jars\httpcore-4.4.16.jar
2025-02-02 11:47:31,460 [Worker-22: Launching mavenrun-bc057cfa-795a-4703-811d-4f3f592de190] INFO  o.eclipse.m2e.core.internal.Bundles - 	Entry: C:\Users\PRANAV\.p2\pool\plugins\org.eclipse.m2e.maven.runtime_3.9.900.20240824-1409\jars\jansi-2.4.1.jar
2025-02-02 11:47:31,460 [Worker-22: Launching mavenrun-bc057cfa-795a-4703-811d-4f3f592de190] INFO  o.eclipse.m2e.core.internal.Bundles - 	Entry: C:\Users\PRANAV\.p2\pool\plugins\org.eclipse.m2e.maven.runtime_3.9.900.20240824-1409\jars\jcl-over-slf4j-1.7.36.jar
2025-02-02 11:47:31,460 [Worker-22: Launching mavenrun-bc057cfa-795a-4703-811d-4f3f592de190] INFO  o.eclipse.m2e.core.internal.Bundles - 	Entry: C:\Users\PRANAV\.p2\pool\plugins\org.eclipse.m2e.maven.runtime_3.9.900.20240824-1409\jars\maven-artifact-3.9.9.jar
2025-02-02 11:47:31,461 [Worker-22: Launching mavenrun-bc057cfa-795a-4703-811d-4f3f592de190] INFO  o.eclipse.m2e.core.internal.Bundles - 	Entry: C:\Users\PRANAV\.p2\pool\plugins\org.eclipse.m2e.maven.runtime_3.9.900.20240824-1409\jars\maven-builder-support-3.9.9.jar
2025-02-02 11:47:31,461 [Worker-22: Launching mavenrun-bc057cfa-795a-4703-811d-4f3f592de190] INFO  o.eclipse.m2e.core.internal.Bundles - 	Entry: C:\Users\PRANAV\.p2\pool\plugins\org.eclipse.m2e.maven.runtime_3.9.900.20240824-1409\jars\maven-compat-3.9.9.jar
2025-02-02 11:47:31,461 [Worker-22: Launching mavenrun-bc057cfa-795a-4703-811d-4f3f592de190] INFO  o.eclipse.m2e.core.internal.Bundles - 	Entry: C:\Users\PRANAV\.p2\pool\plugins\org.eclipse.m2e.maven.runtime_3.9.900.20240824-1409\jars\maven-core-3.9.9.jar
2025-02-02 11:47:31,462 [Worker-22: Launching mavenrun-bc057cfa-795a-4703-811d-4f3f592de190] INFO  o.eclipse.m2e.core.internal.Bundles - 	Entry: C:\Users\PRANAV\.p2\pool\plugins\org.eclipse.m2e.maven.runtime_3.9.900.20240824-1409\jars\maven-embedder-3.9.9.jar
2025-02-02 11:47:31,462 [Worker-22: Launching mavenrun-bc057cfa-795a-4703-811d-4f3f592de190] INFO  o.eclipse.m2e.core.internal.Bundles - 	Entry: C:\Users\PRANAV\.p2\pool\plugins\org.eclipse.m2e.maven.runtime_3.9.900.20240824-1409\jars\maven-model-3.9.9.jar
2025-02-02 11:47:31,462 [Worker-22: Launching mavenrun-bc057cfa-795a-4703-811d-4f3f592de190] INFO  o.eclipse.m2e.core.internal.Bundles - 	Entry: C:\Users\PRANAV\.p2\pool\plugins\org.eclipse.m2e.maven.runtime_3.9.900.20240824-1409\jars\maven-model-builder-3.9.9.jar
2025-02-02 11:47:31,463 [Worker-22: Launching mavenrun-bc057cfa-795a-4703-811d-4f3f592de190] INFO  o.eclipse.m2e.core.internal.Bundles - 	Entry: C:\Users\PRANAV\.p2\pool\plugins\org.eclipse.m2e.maven.runtime_3.9.900.20240824-1409\jars\maven-plugin-api-3.9.9.jar
2025-02-02 11:47:31,463 [Worker-22: Launching mavenrun-bc057cfa-795a-4703-811d-4f3f592de190] INFO  o.eclipse.m2e.core.internal.Bundles - 	Entry: C:\Users\PRANAV\.p2\pool\plugins\org.eclipse.m2e.maven.runtime_3.9.900.20240824-1409\jars\maven-repository-metadata-3.9.9.jar
2025-02-02 11:47:31,463 [Worker-22: Launching mavenrun-bc057cfa-795a-4703-811d-4f3f592de190] INFO  o.eclipse.m2e.core.internal.Bundles - 	Entry: C:\Users\PRANAV\.p2\pool\plugins\org.eclipse.m2e.maven.runtime_3.9.900.20240824-1409\jars\maven-resolver-api-1.9.22.jar
2025-02-02 11:47:31,463 [Worker-22: Launching mavenrun-bc057cfa-795a-4703-811d-4f3f592de190] INFO  o.eclipse.m2e.core.internal.Bundles - 	Entry: C:\Users\PRANAV\.p2\pool\plugins\org.eclipse.m2e.maven.runtime_3.9.900.20240824-1409\jars\maven-resolver-connector-basic-1.9.22.jar
2025-02-02 11:47:31,464 [Worker-22: Launching mavenrun-bc057cfa-795a-4703-811d-4f3f592de190] INFO  o.eclipse.m2e.core.internal.Bundles - 	Entry: C:\Users\PRANAV\.p2\pool\plugins\org.eclipse.m2e.maven.runtime_3.9.900.20240824-1409\jars\maven-resolver-impl-1.9.22.jar
2025-02-02 11:47:31,464 [Worker-22: Launching mavenrun-bc057cfa-795a-4703-811d-4f3f592de190] INFO  o.eclipse.m2e.core.internal.Bundles - 	Entry: C:\Users\PRANAV\.p2\pool\plugins\org.eclipse.m2e.maven.runtime_3.9.900.20240824-1409\jars\maven-resolver-named-locks-1.9.22.jar
2025-02-02 11:47:31,464 [Worker-22: Launching mavenrun-bc057cfa-795a-4703-811d-4f3f592de190] INFO  o.eclipse.m2e.core.internal.Bundles - 	Entry: C:\Users\PRANAV\.p2\pool\plugins\org.eclipse.m2e.maven.runtime_3.9.900.20240824-1409\jars\maven-resolver-provider-3.9.9.jar
2025-02-02 11:47:31,464 [Worker-22: Launching mavenrun-bc057cfa-795a-4703-811d-4f3f592de190] INFO  o.eclipse.m2e.core.internal.Bundles - 	Entry: C:\Users\PRANAV\.p2\pool\plugins\org.eclipse.m2e.maven.runtime_3.9.900.20240824-1409\jars\maven-resolver-spi-1.9.22.jar
2025-02-02 11:47:31,465 [Worker-22: Launching mavenrun-bc057cfa-795a-4703-811d-4f3f592de190] INFO  o.eclipse.m2e.core.internal.Bundles - 	Entry: C:\Users\PRANAV\.p2\pool\plugins\org.eclipse.m2e.maven.runtime_3.9.900.20240824-1409\jars\maven-resolver-transport-file-1.9.22.jar
2025-02-02 11:47:31,465 [Worker-22: Launching mavenrun-bc057cfa-795a-4703-811d-4f3f592de190] INFO  o.eclipse.m2e.core.internal.Bundles - 	Entry: C:\Users\PRANAV\.p2\pool\plugins\org.eclipse.m2e.maven.runtime_3.9.900.20240824-1409\jars\maven-resolver-transport-http-1.9.22.jar
2025-02-02 11:47:31,465 [Worker-22: Launching mavenrun-bc057cfa-795a-4703-811d-4f3f592de190] INFO  o.eclipse.m2e.core.internal.Bundles - 	Entry: C:\Users\PRANAV\.p2\pool\plugins\org.eclipse.m2e.maven.runtime_3.9.900.20240824-1409\jars\maven-resolver-transport-wagon-1.9.22.jar
2025-02-02 11:47:31,465 [Worker-22: Launching mavenrun-bc057cfa-795a-4703-811d-4f3f592de190] INFO  o.eclipse.m2e.core.internal.Bundles - 	Entry: C:\Users\PRANAV\.p2\pool\plugins\org.eclipse.m2e.maven.runtime_3.9.900.20240824-1409\jars\maven-resolver-util-1.9.22.jar
2025-02-02 11:47:31,466 [Worker-22: Launching mavenrun-bc057cfa-795a-4703-811d-4f3f592de190] INFO  o.eclipse.m2e.core.internal.Bundles - 	Entry: C:\Users\PRANAV\.p2\pool\plugins\org.eclipse.m2e.maven.runtime_3.9.900.20240824-1409\jars\maven-settings-3.9.9.jar
2025-02-02 11:47:31,466 [Worker-22: Launching mavenrun-bc057cfa-795a-4703-811d-4f3f592de190] INFO  o.eclipse.m2e.core.internal.Bundles - 	Entry: C:\Users\PRANAV\.p2\pool\plugins\org.eclipse.m2e.maven.runtime_3.9.900.20240824-1409\jars\maven-settings-builder-3.9.9.jar
2025-02-02 11:47:31,466 [Worker-22: Launching mavenrun-bc057cfa-795a-4703-811d-4f3f592de190] INFO  o.eclipse.m2e.core.internal.Bundles - 	Entry: C:\Users\PRANAV\.p2\pool\plugins\org.eclipse.m2e.maven.runtime_3.9.900.20240824-1409\jars\maven-shared-utils-3.4.2.jar
2025-02-02 11:47:31,467 [Worker-22: Launching mavenrun-bc057cfa-795a-4703-811d-4f3f592de190] INFO  o.eclipse.m2e.core.internal.Bundles - 	Entry: C:\Users\PRANAV\.p2\pool\plugins\org.eclipse.m2e.maven.runtime_3.9.900.20240824-1409\jars\org.eclipse.sisu.inject-0.9.0.M3.jar
2025-02-02 11:47:31,467 [Worker-22: Launching mavenrun-bc057cfa-795a-4703-811d-4f3f592de190] INFO  o.eclipse.m2e.core.internal.Bundles - 	Entry: C:\Users\PRANAV\.p2\pool\plugins\org.eclipse.m2e.maven.runtime_3.9.900.20240824-1409\jars\org.eclipse.sisu.plexus-0.9.0.M3.jar
2025-02-02 11:47:31,467 [Worker-22: Launching mavenrun-bc057cfa-795a-4703-811d-4f3f592de190] INFO  o.eclipse.m2e.core.internal.Bundles - 	Entry: C:\Users\PRANAV\.p2\pool\plugins\org.eclipse.m2e.maven.runtime_3.9.900.20240824-1409\jars\plexus-build-api-0.0.7.jar
2025-02-02 11:47:31,467 [Worker-22: Launching mavenrun-bc057cfa-795a-4703-811d-4f3f592de190] INFO  o.eclipse.m2e.core.internal.Bundles - 	Entry: C:\Users\PRANAV\.p2\pool\plugins\org.eclipse.m2e.maven.runtime_3.9.900.20240824-1409\jars\plexus-build-api-1.2.0.jar
2025-02-02 11:47:31,468 [Worker-22: Launching mavenrun-bc057cfa-795a-4703-811d-4f3f592de190] INFO  o.eclipse.m2e.core.internal.Bundles - 	Entry: C:\Users\PRANAV\.p2\pool\plugins\org.eclipse.m2e.maven.runtime_3.9.900.20240824-1409\jars\plexus-cipher-2.0.jar
2025-02-02 11:47:31,468 [Worker-22: Launching mavenrun-bc057cfa-795a-4703-811d-4f3f592de190] INFO  o.eclipse.m2e.core.internal.Bundles - 	Entry: C:\Users\PRANAV\.p2\pool\plugins\org.eclipse.m2e.maven.runtime_3.9.900.20240824-1409\jars\plexus-classworlds-2.8.0.jar
2025-02-02 11:47:31,468 [Worker-22: Launching mavenrun-bc057cfa-795a-4703-811d-4f3f592de190] INFO  o.eclipse.m2e.core.internal.Bundles - 	Entry: C:\Users\PRANAV\.p2\pool\plugins\org.eclipse.m2e.maven.runtime_3.9.900.20240824-1409\jars\plexus-component-annotations-2.1.0.jar
2025-02-02 11:47:31,469 [Worker-22: Launching mavenrun-bc057cfa-795a-4703-811d-4f3f592de190] INFO  o.eclipse.m2e.core.internal.Bundles - 	Entry: C:\Users\PRANAV\.p2\pool\plugins\org.eclipse.m2e.maven.runtime_3.9.900.20240824-1409\jars\plexus-interpolation-1.27.jar
2025-02-02 11:47:31,469 [Worker-22: Launching mavenrun-bc057cfa-795a-4703-811d-4f3f592de190] INFO  o.eclipse.m2e.core.internal.Bundles - 	Entry: C:\Users\PRANAV\.p2\pool\plugins\org.eclipse.m2e.maven.runtime_3.9.900.20240824-1409\jars\plexus-sec-dispatcher-2.0.jar
2025-02-02 11:47:31,469 [Worker-22: Launching mavenrun-bc057cfa-795a-4703-811d-4f3f592de190] INFO  o.eclipse.m2e.core.internal.Bundles - 	Entry: C:\Users\PRANAV\.p2\pool\plugins\org.eclipse.m2e.maven.runtime_3.9.900.20240824-1409\jars\plexus-utils-3.5.1.jar
2025-02-02 11:47:31,469 [Worker-22: Launching mavenrun-bc057cfa-795a-4703-811d-4f3f592de190] INFO  o.eclipse.m2e.core.internal.Bundles - 	Entry: C:\Users\PRANAV\.p2\pool\plugins\org.eclipse.m2e.maven.runtime_3.9.900.20240824-1409\jars\plexus-xml-3.0.1.jar
2025-02-02 11:47:31,470 [Worker-22: Launching mavenrun-bc057cfa-795a-4703-811d-4f3f592de190] INFO  o.eclipse.m2e.core.internal.Bundles - 	Entry: C:\Users\PRANAV\.p2\pool\plugins\org.eclipse.m2e.maven.runtime_3.9.900.20240824-1409\jars\wagon-file-3.5.3.jar
2025-02-02 11:47:31,470 [Worker-22: Launching mavenrun-bc057cfa-795a-4703-811d-4f3f592de190] INFO  o.eclipse.m2e.core.internal.Bundles - 	Entry: C:\Users\PRANAV\.p2\pool\plugins\org.eclipse.m2e.maven.runtime_3.9.900.20240824-1409\jars\wagon-http-3.5.3.jar
2025-02-02 11:47:31,470 [Worker-22: Launching mavenrun-bc057cfa-795a-4703-811d-4f3f592de190] INFO  o.eclipse.m2e.core.internal.Bundles - 	Entry: C:\Users\PRANAV\.p2\pool\plugins\org.eclipse.m2e.maven.runtime_3.9.900.20240824-1409\jars\wagon-http-shared-3.5.3.jar
2025-02-02 11:47:31,470 [Worker-22: Launching mavenrun-bc057cfa-795a-4703-811d-4f3f592de190] INFO  o.eclipse.m2e.core.internal.Bundles - 	Entry: C:\Users\PRANAV\.p2\pool\plugins\org.eclipse.m2e.maven.runtime_3.9.900.20240824-1409\jars\wagon-provider-api-3.5.3.jar
2025-02-02 11:47:31,472 [Worker-22: Launching mavenrun-bc057cfa-795a-4703-811d-4f3f592de190] INFO  o.eclipse.m2e.core.internal.Bundles - getClasspathEntries(Bundle=com.google.guava_33.3.1.jre [16])
2025-02-02 11:47:31,473 [Worker-22: Launching mavenrun-bc057cfa-795a-4703-811d-4f3f592de190] INFO  o.eclipse.m2e.core.internal.Bundles - 	Entry: C:\Users\PRANAV\.p2\pool\plugins\com.google.guava_33.3.1.jre.jar
2025-02-02 11:47:31,473 [Worker-22: Launching mavenrun-bc057cfa-795a-4703-811d-4f3f592de190] INFO  o.eclipse.m2e.core.internal.Bundles - getClasspathEntries(Bundle=slf4j.api_2.0.16 [1005])
2025-02-02 11:47:31,474 [Worker-22: Launching mavenrun-bc057cfa-795a-4703-811d-4f3f592de190] INFO  o.eclipse.m2e.core.internal.Bundles - 	Entry: C:\Users\PRANAV\.p2\pool\plugins\slf4j.api_2.0.16.jar
2025-02-02 11:47:31,474 [Worker-22: Launching mavenrun-bc057cfa-795a-4703-811d-4f3f592de190] INFO  o.eclipse.m2e.core.internal.Bundles - getClasspathEntries(Bundle=jakarta.inject.jakarta.inject-api_1.0.5 [34])
2025-02-02 11:47:31,474 [Worker-22: Launching mavenrun-bc057cfa-795a-4703-811d-4f3f592de190] INFO  o.eclipse.m2e.core.internal.Bundles - 	Entry: C:\Users\PRANAV\.p2\pool\plugins\jakarta.inject.jakarta.inject-api_1.0.5.jar
2025-02-02 11:47:31,475 [Worker-22: Launching mavenrun-bc057cfa-795a-4703-811d-4f3f592de190] INFO  o.eclipse.m2e.core.internal.Bundles - getClasspathEntries(Bundle=jakarta.annotation-api_1.3.5 [29])
2025-02-02 11:47:31,475 [Worker-22: Launching mavenrun-bc057cfa-795a-4703-811d-4f3f592de190] INFO  o.eclipse.m2e.core.internal.Bundles - 	Entry: C:\Users\PRANAV\.p2\pool\plugins\jakarta.annotation-api_1.3.5.jar
2025-02-02 11:47:31,475 [Worker-22: Launching mavenrun-bc057cfa-795a-4703-811d-4f3f592de190] INFO  o.eclipse.m2e.core.internal.Bundles - getClasspathEntries(Bundle=org.apache.commons.cli_1.9.0 [75])
2025-02-02 11:47:31,476 [Worker-22: Launching mavenrun-bc057cfa-795a-4703-811d-4f3f592de190] INFO  o.eclipse.m2e.core.internal.Bundles - 	Entry: C:\Users\PRANAV\.p2\pool\plugins\org.apache.commons.cli_1.9.0.jar
2025-02-02 11:47:31,476 [Worker-22: Launching mavenrun-bc057cfa-795a-4703-811d-4f3f592de190] INFO  o.eclipse.m2e.core.internal.Bundles - getClasspathEntries(Bundle=org.apache.commons.commons-codec_1.16.0 [78])
2025-02-02 11:47:31,476 [Worker-22: Launching mavenrun-bc057cfa-795a-4703-811d-4f3f592de190] INFO  o.eclipse.m2e.core.internal.Bundles - 	Entry: C:\Users\PRANAV\.p2\pool\plugins\org.apache.commons.commons-codec_1.16.0.jar
2025-02-02 11:47:31,476 [Worker-22: Launching mavenrun-bc057cfa-795a-4703-811d-4f3f592de190] INFO  o.eclipse.m2e.core.internal.Bundles - getClasspathEntries(Bundle=com.google.guava.failureaccess_1.0.2 [17])
2025-02-02 11:47:31,476 [Worker-22: Launching mavenrun-bc057cfa-795a-4703-811d-4f3f592de190] INFO  o.eclipse.m2e.core.internal.Bundles - 	Entry: C:\Users\PRANAV\.p2\pool\plugins\com.google.guava.failureaccess_1.0.2.jar
2025-02-02 11:47:31,480 [Worker-22: Launching mavenrun-bc057cfa-795a-4703-811d-4f3f592de190] INFO  o.e.m.i.launch.MavenLaunchDelegate - Run build in "C:\Users\PRANAV\AppData\Local\Temp\m2e-archetypeGenerator12066881978005345528":
2025-02-02 11:47:31,484 [Worker-22: Launching mavenrun-bc057cfa-795a-4703-811d-4f3f592de190] INFO  o.e.m.i.launch.MavenLaunchDelegate -  mvn  -DarchetypeGroupId=org.apache.maven.archetypes -DarchetypeArtifactId=maven-archetype-webapp -DarchetypeVersion=1.0 -DgroupId=com.spring.search -DartifactId=spring_search -Dversion=0.0.1-SNAPSHOT -Dpackage=com.spring.search -DoutputDirectory="F:\Spring Concepts\Spring_Tutorial" -Dstyle.color=always -U archetype:generate
2025-02-02 11:48:00,741 [Worker-18: Creating maven-archetype-webapp] INFO  o.e.m.c.i.p.ProjectConfigurationManager - Collecting project info '/pom.xml' F:\Spring Concepts\Spring_Tutorial\spring_search\pom.xml
2025-02-02 11:48:01,328 [Worker-18: Creating maven-archetype-webapp] INFO  o.e.m.c.i.l.LifecycleMappingFactory - Using org.maven.ide.eclipse.wtp.WarLifecycleMapping lifecycle mapping for MavenProject: com.spring.search:spring_search:0.0.1-SNAPSHOT @ F:\Spring Concepts\Spring_Tutorial\spring_search\pom.xml.
2025-02-02 11:48:02,334 [Worker-18: Creating maven-archetype-webapp] INFO  o.e.m.j.i.AbstractJavaProjectConfigurator - Adding source folder /spring_search/src/main/java
2025-02-02 11:48:02,338 [Worker-18: Creating maven-archetype-webapp] INFO  o.e.m.j.i.AbstractJavaProjectConfigurator - Adding resource folder /spring_search/src/main/resources
2025-02-02 11:48:02,339 [Worker-18: Creating maven-archetype-webapp] INFO  o.e.m.j.i.AbstractJavaProjectConfigurator - Adding source folder /spring_search/src/test/java
2025-02-02 11:48:02,341 [Worker-18: Creating maven-archetype-webapp] INFO  o.e.m.j.i.AbstractJavaProjectConfigurator - Adding resource folder /spring_search/src/test/resources
2025-02-02 11:48:04,428 [Worker-18: Creating maven-archetype-webapp] INFO  o.e.m.c.i.p.ProjectConfigurationManager - Imported and configured 1 project(s) in 3 sec
2025-02-02 11:48:07,762 [Worker-25: Building] WARN  o.a.m.s.f.DefaultMavenResourcesFiltering - Using platform encoding (UTF-8 actually) to copy filtered resources, i.e. build is platform dependent!
2025-02-02 11:48:07,791 [Worker-25: Building] INFO  o.a.m.s.f.DefaultMavenResourcesFiltering - Copying 0 resource from src\main\resources to target\classes
2025-02-02 11:48:07,800 [Worker-25: Building] WARN  o.a.m.s.f.DefaultMavenResourcesFiltering - Using platform encoding (UTF-8 actually) to copy filtered resources, i.e. build is platform dependent!
2025-02-02 11:48:07,802 [Worker-25: Building] INFO  o.a.m.s.f.DefaultMavenResourcesFiltering - skip non existing resourceDirectory F:\Spring Concepts\Spring_Tutorial\spring_search\src\test\resources
2025-02-02 11:53:39,443 [Worker-27: Updating Maven Dependencies] INFO  o.e.m.c.i.l.LifecycleMappingFactory - Using org.maven.ide.eclipse.wtp.WarLifecycleMapping lifecycle mapping for MavenProject: com.spring.mvc:spring_mvc:0.0.1-SNAPSHOT @ F:\Spring Concepts\Spring_Tutorial\spring_mvc\pom.xml.
2025-02-02 11:53:39,638 [Worker-40: Building] INFO  o.e.m.c.i.l.LifecycleMappingFactory - Using org.eclipse.m2e.jdt.JarLifecycleMapping lifecycle mapping for MavenProject: com.springcore:spring_core:0.0.1-SNAPSHOT @ F:\Spring Concepts\Spring_Tutorial\spring_core\pom.xml.
2025-02-02 11:53:40,379 [Worker-40: Building] INFO  o.a.m.s.f.DefaultMavenResourcesFiltering - Copying 0 resource from src\main\resources to target\classes
2025-02-02 11:53:40,385 [Worker-40: Building] INFO  o.a.m.s.f.DefaultMavenResourcesFiltering - Copying 0 resource from src\test\resources to target\test-classes
2025-02-02 11:53:40,916 [Worker-34: Updating Maven Dependencies] INFO  o.e.m.c.i.l.LifecycleMappingFactory - Using org.maven.ide.eclipse.wtp.WarLifecycleMapping lifecycle mapping for MavenProject: com.spring.mvc:spring_mvc:0.0.1-SNAPSHOT @ F:\Spring Concepts\Spring_Tutorial\spring_mvc\pom.xml.
2025-02-02 11:53:41,173 [Worker-33: Building] INFO  o.a.m.s.f.DefaultMavenResourcesFiltering - Copying 0 resource from src\main\resources to target\classes
2025-02-02 11:53:41,215 [Worker-34: Updating Maven Dependencies] INFO  o.e.m.c.i.l.LifecycleMappingFactory - Using org.eclipse.m2e.jdt.JarLifecycleMapping lifecycle mapping for MavenProject: com.spring.orm:spring_orm:0.0.1-SNAPSHOT @ F:\Spring Concepts\Spring_Tutorial\spring_orm\pom.xml.
2025-02-02 11:53:41,228 [Worker-33: Building] INFO  o.a.m.s.f.DefaultMavenResourcesFiltering - Copying 0 resource from src\test\resources to target\test-classes
2025-02-02 11:53:41,424 [Worker-34: Updating Maven Dependencies] INFO  o.e.m.c.i.l.LifecycleMappingFactory - Using org.eclipse.m2e.jdt.JarLifecycleMapping lifecycle mapping for MavenProject: com.springcore:spring_core:0.0.1-SNAPSHOT @ F:\Spring Concepts\Spring_Tutorial\spring_core\pom.xml.
2025-02-02 11:53:43,582 [Worker-34: Building] WARN  o.a.m.s.f.DefaultMavenResourcesFiltering - Using platform encoding (UTF-8 actually) to copy filtered resources, i.e. build is platform dependent!
2025-02-02 11:53:43,584 [Worker-34: Building] INFO  o.a.m.s.f.DefaultMavenResourcesFiltering - Copying 0 resource from src\main\resources to target\classes
2025-02-02 11:53:43,588 [Worker-34: Building] WARN  o.a.m.s.f.DefaultMavenResourcesFiltering - Using platform encoding (UTF-8 actually) to copy filtered resources, i.e. build is platform dependent!
2025-02-02 11:53:43,589 [Worker-34: Building] INFO  o.a.m.s.f.DefaultMavenResourcesFiltering - Copying 0 resource from src\test\resources to target\test-classes
2025-02-02 11:53:44,632 [Worker-34: Building] INFO  o.a.m.s.f.DefaultMavenResourcesFiltering - Copying 0 resource from src\main\resources to target\classes
2025-02-02 11:53:44,635 [Worker-34: Building] INFO  o.a.m.s.f.DefaultMavenResourcesFiltering - Copying 0 resource from src\test\resources to target\test-classes
2025-02-02 11:54:16,395 [Worker-4: Loading available Gradle versions] INFO  o.e.b.c.i.u.g.PublishedGradleVersions - Gradle version information cache is up-to-date. Trying to read.
2025-02-06 16:50:57,536 [Worker-7: Loading available Gradle versions] INFO  o.e.b.c.i.u.g.PublishedGradleVersions - Gradle version information cache is out-of-date. Trying to update.
